<?xml version="1.0" encoding="UTF-8"?>
<!-- Generated by org.testng.reporters.JUnitXMLReporter -->
<testsuite ignored="0" hostname="LAPTOP-I7ABQCRR" failures="2" tests="2" name="LoginTest2" time="5.809" errors="0" timestamp="2021-06-11T12:49:16 IST">
  <testcase classname="swagLabs.TestScripts.TC001" name="Login_Test" time="1.185">
    <failure type="java.lang.AssertionError" message="expected [https://www.saucedemo.com/inventory.html] but found [https://www.saucedemo.com/]">
      <![CDATA[java.lang.AssertionError: expected [https://www.saucedemo.com/inventory.html] but found [https://www.saucedemo.com/]
at swagLabs.Pages.LoginPage.VerifyLogin(LoginPage.java:34)
at swagLabs.TestScripts.TC001.Login_Test(TC001.java:42)
at java.base/java.util.ArrayList.forEach(ArrayList.java:1511)
... Removed 32 stack frames]]>
    </failure>
  </testcase> <!-- Login_Test -->
  <testcase classname="swagLabs.TestScripts.TC001" name="Login_Test" time="0.859">
    <failure type="java.lang.AssertionError" message="expected [https://www.saucedemo.com/inventory.html] but found [https://www.saucedemo.com/]">
      <![CDATA[java.lang.AssertionError: expected [https://www.saucedemo.com/inventory.html] but found [https://www.saucedemo.com/]
at swagLabs.Pages.LoginPage.VerifyLogin(LoginPage.java:34)
at swagLabs.TestScripts.TC001.Login_Test(TC001.java:42)
at java.base/java.util.ArrayList.forEach(ArrayList.java:1511)
... Removed 32 stack frames]]>
    </failure>
  </testcase> <!-- Login_Test -->
</testsuite> <!-- LoginTest2 -->
